<?xml version="1.0" encoding="UTF-8"?>
<!-- Generated by org.testng.reporters.JUnitXMLReporter -->
<testsuite hostname="dell" name="Sanity in FF" tests="2" failures="2" timestamp="15 Nov 2016 18:05:08 GMT" time="22.927" errors="0">
  <testcase name="Setup" time="0.297" classname="testng111.alert">
    <failure type="java.lang.AssertionError" message="expected [Problem loading page] but found [IRCTC Next Generation eTicketing System]">
      <![CDATA[java.lang.AssertionError: expected [Problem loading page] but found [IRCTC Next Generation eTicketing System]
	at testng111.alert.Setup(alert.java:22)
	at java.util.concurrent.FutureTask.run(FutureTask.java:262)
	at java.util.concurrent.ThreadPoolExecutor.runWorker(ThreadPoolExecutor.java:1145)
	at java.util.concurrent.ThreadPoolExecutor$Worker.run(ThreadPoolExecutor.java:615)
	at java.lang.Thread.run(Thread.java:745)
... Removed 21 stack frames]]>
    </failure>
  </testcase> <!-- Setup -->
  <testcase name="SetUp1" time="0.25" classname="testng111.multiplewindows">
    <failure type="java.lang.AssertionError" message="expected [Problem loading page] but found [IRCTC Next Generation eTicketing System]">
      <![CDATA[java.lang.AssertionError: expected [Problem loading page] but found [IRCTC Next Generation eTicketing System]
	at testng111.multiplewindows.SetUp1(multiplewindows.java:24)
	at java.util.concurrent.FutureTask.run(FutureTask.java:262)
	at java.util.concurrent.ThreadPoolExecutor.runWorker(ThreadPoolExecutor.java:1145)
	at java.util.concurrent.ThreadPoolExecutor$Worker.run(ThreadPoolExecutor.java:615)
	at java.lang.Thread.run(Thread.java:745)
... Removed 21 stack frames]]>
    </failure>
  </testcase> <!-- SetUp1 -->
</testsuite> <!-- Sanity in FF -->
