<?xml version="1.0" encoding="UTF-8"?>
<testng-results skipped="0" failed="0" total="2" passed="2">
  <reporter-output>
  </reporter-output>
  <suite name="Default suite" duration-ms="84885" started-at="2016-10-11T23:34:52Z" finished-at="2016-10-11T23:36:16Z">
    <groups>
    </groups>
    <test name="Sanity in GC" duration-ms="84885" started-at="2016-10-11T23:34:52Z" finished-at="2016-10-11T23:36:16Z">
      <class name="testng11.jquerytab">
        <test-method status="PASS" signature="Setup2(java.lang.String)[pri:0, instance:testng11.jquerytab@15e6356d]" name="Setup2" is-config="true" duration-ms="2459" started-at="2016-10-11T16:35:53Z" finished-at="2016-10-11T16:35:55Z">
          <params>
            <param index="0">
              <value>
                <![CDATA[GC]]>
              </value>
            </param>
          </params>
          <reporter-output>
          </reporter-output>
        </test-method> <!-- Setup2 -->
        <test-method status="PASS" signature="Setup1()[pri:0, instance:testng11.jquerytab@15e6356d]" name="Setup1" duration-ms="21453" started-at="2016-10-11T16:35:55Z" finished-at="2016-10-11T16:36:16Z">
          <reporter-output>
          </reporter-output>
        </test-method> <!-- Setup1 -->
        <test-method status="PASS" signature="Setup2()[pri:0, instance:testng11.jquerytab@15e6356d]" name="Setup2" is-config="true" duration-ms="75" started-at="2016-10-11T16:36:16Z" finished-at="2016-10-11T16:36:16Z">
          <reporter-output>
          </reporter-output>
        </test-method> <!-- Setup2 -->
      </class> <!-- testng11.jquerytab -->
      <class name="testng11.frame">
        <test-method status="PASS" signature="setUp(java.lang.String)[pri:0, instance:testng11.frame@473f704e]" name="setUp" is-config="true" duration-ms="4333" started-at="2016-10-11T16:34:52Z" finished-at="2016-10-11T16:34:56Z">
          <params>
            <param index="0">
              <value>
                <![CDATA[GC]]>
              </value>
            </param>
          </params>
          <reporter-output>
          </reporter-output>
        </test-method> <!-- setUp -->
        <test-method status="PASS" signature="SetUp()[pri:0, instance:testng11.frame@473f704e]" name="SetUp" duration-ms="54448" started-at="2016-10-11T16:34:56Z" finished-at="2016-10-11T16:35:50Z">
          <reporter-output>
          </reporter-output>
        </test-method> <!-- SetUp -->
        <test-method status="PASS" signature="tearDown()[pri:0, instance:testng11.frame@473f704e]" name="tearDown" is-config="true" duration-ms="2086" started-at="2016-10-11T16:35:50Z" finished-at="2016-10-11T16:35:52Z">
          <reporter-output>
          </reporter-output>
        </test-method> <!-- tearDown -->
      </class> <!-- testng11.frame -->
    </test> <!-- Sanity in GC -->
  </suite> <!-- Default suite -->
</testng-results>
