<?xml version="1.0" encoding="UTF-8"?>
<testng-results skipped="0" failed="0" total="1" passed="1">
  <reporter-output>
  </reporter-output>
  <suite name="Default suite" duration-ms="18770" started-at="2016-12-06T23:53:58Z" finished-at="2016-12-06T23:54:17Z">
    <groups>
    </groups>
    <test name="Default test" duration-ms="18770" started-at="2016-12-06T23:53:58Z" finished-at="2016-12-06T23:54:17Z">
      <class name="testng111.Fileupload$filedownload">
        <test-method status="PASS" signature="SetUp2()[pri:0, instance:testng111.Fileupload$filedownload@3170679d]" name="SetUp2" is-config="true" duration-ms="10757" started-at="2016-12-06T15:53:58Z" finished-at="2016-12-06T15:54:09Z">
          <reporter-output>
          </reporter-output>
        </test-method> <!-- SetUp2 -->
        <test-method status="PASS" signature="SetUp1()[pri:0, instance:testng111.Fileupload$filedownload@3170679d]" name="SetUp1" duration-ms="7978" started-at="2016-12-06T15:54:09Z" finished-at="2016-12-06T15:54:17Z">
          <reporter-output>
          </reporter-output>
        </test-method> <!-- SetUp1 -->
      </class> <!-- testng111.Fileupload$filedownload -->
    </test> <!-- Default test -->
  </suite> <!-- Default suite -->
</testng-results>
